<?xml version="1.0" encoding="UTF-8"?>
<testsuites name="jest tests" tests="11" failures="0" errors="0" time="2.234">
  <testsuite name="_isNullOrUndefined" errors="0" failures="0" skipped="0" timestamp="2020-12-04T20:34:53" time="1.91" tests="5">
    <testcase classname="_isNullOrUndefined given a null value, expect true" name="_isNullOrUndefined given a null value, expect true" time="0.002">
    </testcase>
    <testcase classname="_isNullOrUndefined given an undefined value, expect true" name="_isNullOrUndefined given an undefined value, expect true" time="0">
    </testcase>
    <testcase classname="_isNullOrUndefined given false, expect false" name="_isNullOrUndefined given false, expect false" time="0">
    </testcase>
    <testcase classname="_isNullOrUndefined given NaN, expect false" name="_isNullOrUndefined given NaN, expect false" time="0.001">
    </testcase>
    <testcase classname="_isNullOrUndefined given 0, expect false" name="_isNullOrUndefined given 0, expect false" time="0">
    </testcase>
  </testsuite>
  <testsuite name="_arrayIsEmpty" errors="0" failures="0" skipped="0" timestamp="2020-12-04T20:34:53" time="1.918" tests="6">
    <testcase classname="_arrayIsEmpty given an empty array, expect true" name="_arrayIsEmpty given an empty array, expect true" time="0.002">
    </testcase>
    <testcase classname="_arrayIsEmpty given array not empty, expect false" name="_arrayIsEmpty given array not empty, expect false" time="0">
    </testcase>
    <testcase classname="_arrayIsEmpty given an object, expect throw" name="_arrayIsEmpty given an object, expect throw" time="0.002">
    </testcase>
    <testcase classname="_arrayIsEmpty given a string, expect throw" name="_arrayIsEmpty given a string, expect throw" time="0">
    </testcase>
    <testcase classname="_arrayIsEmpty given undefined and null, expect throw" name="_arrayIsEmpty given undefined and null, expect throw" time="0">
    </testcase>
    <testcase classname="_arrayIsEmpty given null, expect throw" name="_arrayIsEmpty given null, expect throw" time="0">
    </testcase>
  </testsuite>
</testsuites>